2018-06-07 15:12:00.8570||INFO|Microsoft.AspNetCore.Hosting.Internal.WebHost|Request starting HTTP/1.1 GET http://localhost:5000/serviceb   
2018-06-07 15:12:01.0146||INFO|Ocelot.RateLimit.Middleware.ClientRateLimitMiddleware|requestId: 0HLECND7MVHA7:00000001, previousRequestId: no previous request id, message: EndpointRateLimiting is not enabled for /api/values 
2018-06-07 15:12:01.0267||INFO|Ocelot.Authentication.Middleware.AuthenticationMiddleware|requestId: 0HLECND7MVHA7:00000001, previousRequestId: no previous request id, message: No authentication needed for /serviceb 
2018-06-07 15:12:01.0342||INFO|Ocelot.Authorisation.Middleware.AuthorisationMiddleware|requestId: 0HLECND7MVHA7:00000001, previousRequestId: no previous request id, message: /api/values route does not require user to be authorised 
2018-06-07 15:12:01.2254||INFO|Microsoft.AspNetCore.Hosting.Internal.WebHost|Request finished in 382.0971ms 200 application/json; charset=utf-8 
2018-06-07 15:12:01.2446||INFO|Microsoft.AspNetCore.Hosting.Internal.WebHost|Request starting HTTP/1.1 GET http://localhost:5000/robots.txt   
2018-06-07 15:12:01.2484||WARN|Ocelot.DownstreamRouteFinder.Middleware.DownstreamRouteFinderMiddleware|requestId: 0HLECND7MVHA8:00000001, previousRequestId: no previous request id, message: DownstreamRouteFinderMiddleware setting pipeline errors. IDownstreamRouteFinder returned Error Code: UnableToFindDownstreamRouteError Message: Unable to find downstream route for path: /robots.txt, verb: GET 
2018-06-07 15:12:01.2484||WARN|Ocelot.DownstreamRouteFinder.Middleware.DownstreamRouteFinderMiddleware|requestId: 0HLECND7MVHA8:00000001, previousRequestId: no previous request id, message: Unable to find downstream route for path: /robots.txt, verb: GET 
2018-06-07 15:12:01.2484||WARN|Ocelot.Responder.Middleware.ResponderMiddleware|requestId: 0HLECND7MVHA8:00000001, previousRequestId: no previous request id, message: Error Code: UnableToFindDownstreamRouteError Message: Unable to find downstream route for path: /robots.txt, verb: GET errors found in ResponderMiddleware. Setting error response for request path:/robots.txt, request method: GET 
2018-06-07 15:12:01.2601||INFO|Microsoft.AspNetCore.Hosting.Internal.WebHost|Request finished in 15.4881ms 404  
2018-06-07 15:12:09.0658||INFO|Microsoft.AspNetCore.Hosting.Internal.WebHost|Request starting HTTP/1.1 GET http://localhost:5000/servicea   
2018-06-07 15:12:09.0658||INFO|Ocelot.RateLimit.Middleware.ClientRateLimitMiddleware|requestId: 0HLECND7MVHA7:00000002, previousRequestId: no previous request id, message: EndpointRateLimiting is not enabled for /api/values 
2018-06-07 15:12:09.0658||INFO|Ocelot.Authentication.Middleware.AuthenticationMiddleware|requestId: 0HLECND7MVHA7:00000002, previousRequestId: no previous request id, message: No authentication needed for /servicea 
2018-06-07 15:12:09.0658||INFO|Ocelot.Authorisation.Middleware.AuthorisationMiddleware|requestId: 0HLECND7MVHA7:00000002, previousRequestId: no previous request id, message: /api/values route does not require user to be authorised 
2018-06-07 15:12:09.0794||INFO|Microsoft.AspNetCore.Hosting.Internal.WebHost|Request finished in 13.5745ms 200 application/json; charset=utf-8 
2018-06-07 15:22:49.2201||INFO|Microsoft.AspNetCore.Hosting.Internal.WebHost|Request starting HTTP/1.1 GET http://localhost:5000/robots.txt   
2018-06-07 15:22:49.2201||INFO|Microsoft.AspNetCore.Hosting.Internal.WebHost|Request starting HTTP/1.1 GET http://localhost:5000/servicea   
2018-06-07 15:22:49.3598||WARN|Ocelot.DownstreamRouteFinder.Middleware.DownstreamRouteFinderMiddleware|requestId: 0HLECNJ8U9NG8:00000001, previousRequestId: no previous request id, message: DownstreamRouteFinderMiddleware setting pipeline errors. IDownstreamRouteFinder returned Error Code: UnableToFindDownstreamRouteError Message: Unable to find downstream route for path: /robots.txt, verb: GET 
2018-06-07 15:22:49.3642||WARN|Ocelot.DownstreamRouteFinder.Middleware.DownstreamRouteFinderMiddleware|requestId: 0HLECNJ8U9NG8:00000001, previousRequestId: no previous request id, message: Unable to find downstream route for path: /robots.txt, verb: GET 
2018-06-07 15:22:49.3667||WARN|Ocelot.Responder.Middleware.ResponderMiddleware|requestId: 0HLECNJ8U9NG8:00000001, previousRequestId: no previous request id, message: Error Code: UnableToFindDownstreamRouteError Message: Unable to find downstream route for path: /robots.txt, verb: GET errors found in ResponderMiddleware. Setting error response for request path:/robots.txt, request method: GET 
2018-06-07 15:22:49.4387||INFO|Ocelot.RateLimit.Middleware.ClientRateLimitMiddleware|requestId: 0HLECNJ8U9NG6:00000001, previousRequestId: no previous request id, message: EndpointRateLimiting is not enabled for /api/values 
2018-06-07 15:22:49.4561||INFO|Ocelot.Authentication.Middleware.AuthenticationMiddleware|requestId: 0HLECNJ8U9NG6:00000001, previousRequestId: no previous request id, message: No authentication needed for /servicea 
2018-06-07 15:22:49.4736||INFO|Microsoft.AspNetCore.Hosting.Internal.WebHost|Request finished in 262.2917ms 404  
2018-06-07 15:22:49.4736||INFO|Ocelot.Authorisation.Middleware.AuthorisationMiddleware|requestId: 0HLECNJ8U9NG6:00000001, previousRequestId: no previous request id, message: /api/values route does not require user to be authorised 
2018-06-07 15:22:49.6233||INFO|Microsoft.AspNetCore.Hosting.Internal.WebHost|Request finished in 426.2703ms 200 application/json; charset=utf-8 
2018-06-07 15:22:54.2382||INFO|Microsoft.AspNetCore.Hosting.Internal.WebHost|Request starting HTTP/1.1 GET http://localhost:5000/serviceb   
2018-06-07 15:22:54.2382||INFO|Ocelot.RateLimit.Middleware.ClientRateLimitMiddleware|requestId: 0HLECNJ8U9NG6:00000002, previousRequestId: no previous request id, message: EndpointRateLimiting is not enabled for /api/values 
2018-06-07 15:22:54.2382||INFO|Ocelot.Authentication.Middleware.AuthenticationMiddleware|requestId: 0HLECNJ8U9NG6:00000002, previousRequestId: no previous request id, message: No authentication needed for /serviceb 
2018-06-07 15:22:54.2382||INFO|Ocelot.Authorisation.Middleware.AuthorisationMiddleware|requestId: 0HLECNJ8U9NG6:00000002, previousRequestId: no previous request id, message: /api/values route does not require user to be authorised 
2018-06-07 15:22:54.2521||INFO|Microsoft.AspNetCore.Hosting.Internal.WebHost|Request finished in 13.8927ms 200 application/json; charset=utf-8 
